[2022-07-24 12:43:08Z INFO HostContext] No proxy settings were found based on environmental variables (http_proxy/https_proxy/HTTP_PROXY/HTTPS_PROXY)
[2022-07-24 12:43:08Z INFO HostContext] Well known directory 'Bin': 'D:\Users\akouv\andres.kouvach\proy\github-actions-demo\actions-runner\bin'
[2022-07-24 12:43:08Z INFO HostContext] Well known directory 'Root': 'D:\Users\akouv\andres.kouvach\proy\github-actions-demo\actions-runner'
[2022-07-24 12:43:08Z INFO HostContext] Well known config file 'Credentials': 'D:\Users\akouv\andres.kouvach\proy\github-actions-demo\actions-runner\.credentials'
[2022-07-24 12:43:08Z INFO HostContext] Well known directory 'Bin': 'D:\Users\akouv\andres.kouvach\proy\github-actions-demo\actions-runner\bin'
[2022-07-24 12:43:08Z INFO HostContext] Well known directory 'Root': 'D:\Users\akouv\andres.kouvach\proy\github-actions-demo\actions-runner'
[2022-07-24 12:43:08Z INFO HostContext] Well known config file 'Runner': 'D:\Users\akouv\andres.kouvach\proy\github-actions-demo\actions-runner\.runner'
[2022-07-24 12:43:08Z INFO Listener] Runner is built for Windows (X64) - win-x64.
[2022-07-24 12:43:08Z INFO Listener] RuntimeInformation: Microsoft Windows 10.0.19044.
[2022-07-24 12:43:08Z INFO Listener] Version: 2.294.0
[2022-07-24 12:43:08Z INFO Listener] Commit: 709bd6113d2fca3a89a0fef11913ce4efd7b8cc5
[2022-07-24 12:43:08Z INFO Listener] Culture: es-AR
[2022-07-24 12:43:08Z INFO Listener] UI Culture: es-ES
[2022-07-24 12:43:08Z INFO HostContext] Well known directory 'Bin': 'D:\Users\akouv\andres.kouvach\proy\github-actions-demo\actions-runner\bin'
[2022-07-24 12:43:08Z INFO HostContext] Well known directory 'Root': 'D:\Users\akouv\andres.kouvach\proy\github-actions-demo\actions-runner'
[2022-07-24 12:43:08Z INFO Listener] Validating directory permissions for: 'D:\Users\akouv\andres.kouvach\proy\github-actions-demo\actions-runner'
[2022-07-24 12:43:08Z INFO CommandLineParser] Parse
[2022-07-24 12:43:08Z INFO CommandLineParser] Parsing 5 args
[2022-07-24 12:43:08Z INFO CommandLineParser] parsing argument
[2022-07-24 12:43:08Z INFO CommandLineParser] HasArgs: False
[2022-07-24 12:43:08Z INFO CommandLineParser] Adding Command: configure
[2022-07-24 12:43:08Z INFO CommandLineParser] parsing argument
[2022-07-24 12:43:08Z INFO CommandLineParser] HasArgs: True
[2022-07-24 12:43:08Z INFO CommandLineParser] arg: url
[2022-07-24 12:43:08Z INFO CommandLineParser] parsing argument
[2022-07-24 12:43:08Z INFO CommandLineParser] HasArgs: True
[2022-07-24 12:43:08Z INFO CommandLineParser] Adding option 'url': 'https://github.com/kouvach'
[2022-07-24 12:43:08Z INFO CommandLineParser] parsing argument
[2022-07-24 12:43:08Z INFO CommandLineParser] HasArgs: True
[2022-07-24 12:43:08Z INFO CommandLineParser] arg: token
[2022-07-24 12:43:08Z INFO CommandLineParser] parsing argument
[2022-07-24 12:43:08Z INFO CommandLineParser] HasArgs: True
[2022-07-24 12:43:08Z INFO CommandLineParser] Adding option 'token': '***'
[2022-07-24 12:43:08Z INFO Listener] Arguments parsed
[2022-07-24 12:43:08Z INFO Runner] ExecuteCommand
[2022-07-24 12:43:08Z INFO ConfigurationStore] currentAssemblyLocation: D:\Users\akouv\andres.kouvach\proy\github-actions-demo\actions-runner\bin\Runner.Listener.dll
[2022-07-24 12:43:08Z INFO HostContext] Well known directory 'Bin': 'D:\Users\akouv\andres.kouvach\proy\github-actions-demo\actions-runner\bin'
[2022-07-24 12:43:08Z INFO ConfigurationStore] binPath: D:\Users\akouv\andres.kouvach\proy\github-actions-demo\actions-runner\bin
[2022-07-24 12:43:08Z INFO HostContext] Well known directory 'Bin': 'D:\Users\akouv\andres.kouvach\proy\github-actions-demo\actions-runner\bin'
[2022-07-24 12:43:08Z INFO HostContext] Well known directory 'Root': 'D:\Users\akouv\andres.kouvach\proy\github-actions-demo\actions-runner'
[2022-07-24 12:43:08Z INFO ConfigurationStore] RootFolder: D:\Users\akouv\andres.kouvach\proy\github-actions-demo\actions-runner
[2022-07-24 12:43:08Z INFO HostContext] Well known directory 'Bin': 'D:\Users\akouv\andres.kouvach\proy\github-actions-demo\actions-runner\bin'
[2022-07-24 12:43:08Z INFO HostContext] Well known directory 'Root': 'D:\Users\akouv\andres.kouvach\proy\github-actions-demo\actions-runner'
[2022-07-24 12:43:08Z INFO HostContext] Well known config file 'Runner': 'D:\Users\akouv\andres.kouvach\proy\github-actions-demo\actions-runner\.runner'
[2022-07-24 12:43:08Z INFO ConfigurationStore] ConfigFilePath: D:\Users\akouv\andres.kouvach\proy\github-actions-demo\actions-runner\.runner
[2022-07-24 12:43:08Z INFO HostContext] Well known directory 'Bin': 'D:\Users\akouv\andres.kouvach\proy\github-actions-demo\actions-runner\bin'
[2022-07-24 12:43:08Z INFO HostContext] Well known directory 'Root': 'D:\Users\akouv\andres.kouvach\proy\github-actions-demo\actions-runner'
[2022-07-24 12:43:08Z INFO HostContext] Well known config file 'Credentials': 'D:\Users\akouv\andres.kouvach\proy\github-actions-demo\actions-runner\.credentials'
[2022-07-24 12:43:08Z INFO ConfigurationStore] CredFilePath: D:\Users\akouv\andres.kouvach\proy\github-actions-demo\actions-runner\.credentials
[2022-07-24 12:43:08Z INFO HostContext] Well known directory 'Bin': 'D:\Users\akouv\andres.kouvach\proy\github-actions-demo\actions-runner\bin'
[2022-07-24 12:43:08Z INFO HostContext] Well known directory 'Root': 'D:\Users\akouv\andres.kouvach\proy\github-actions-demo\actions-runner'
[2022-07-24 12:43:08Z INFO HostContext] Well known config file 'MigratedCredentials': 'D:\Users\akouv\andres.kouvach\proy\github-actions-demo\actions-runner\.credentials_migrated'
[2022-07-24 12:43:08Z INFO ConfigurationStore] MigratedCredFilePath: D:\Users\akouv\andres.kouvach\proy\github-actions-demo\actions-runner\.credentials_migrated
[2022-07-24 12:43:08Z INFO HostContext] Well known directory 'Bin': 'D:\Users\akouv\andres.kouvach\proy\github-actions-demo\actions-runner\bin'
[2022-07-24 12:43:08Z INFO HostContext] Well known directory 'Root': 'D:\Users\akouv\andres.kouvach\proy\github-actions-demo\actions-runner'
[2022-07-24 12:43:08Z INFO HostContext] Well known config file 'Service': 'D:\Users\akouv\andres.kouvach\proy\github-actions-demo\actions-runner\.service'
[2022-07-24 12:43:08Z INFO ConfigurationStore] ServiceConfigFilePath: D:\Users\akouv\andres.kouvach\proy\github-actions-demo\actions-runner\.service
[2022-07-24 12:43:08Z INFO CommandSettings] Flag 'help': 'False'
[2022-07-24 12:43:08Z INFO CommandSettings] Flag 'version': 'False'
[2022-07-24 12:43:08Z INFO CommandSettings] Flag 'commit': 'False'
[2022-07-24 12:43:08Z INFO CommandSettings] Flag 'check': 'False'
[2022-07-24 12:43:08Z INFO CommandSettings] Command 'configure': 'True'
[2022-07-24 12:43:08Z INFO Terminal] WRITE LINE: 
[2022-07-24 12:43:08Z INFO Terminal] WRITE LINE: --------------------------------------------------------------------------------
[2022-07-24 12:43:08Z INFO Terminal] WRITE LINE: |        ____ _ _   _   _       _          _        _   _                      |
[2022-07-24 12:43:08Z INFO Terminal] WRITE LINE: |       / ___(_) |_| | | |_   _| |__      / \   ___| |_(_) ___  _ __  ___      |
[2022-07-24 12:43:08Z INFO Terminal] WRITE LINE: |      | |  _| | __| |_| | | | | '_ \    / _ \ / __| __| |/ _ \| '_ \/ __|     |
[2022-07-24 12:43:08Z INFO Terminal] WRITE LINE: |      | |_| | | |_|  _  | |_| | |_) |  / ___ \ (__| |_| | (_) | | | \__ \     |
[2022-07-24 12:43:08Z INFO Terminal] WRITE LINE: |       \____|_|\__|_| |_|\__,_|_.__/  /_/   \_\___|\__|_|\___/|_| |_|___/     |
[2022-07-24 12:43:08Z INFO Terminal] WRITE LINE: |                                                                              |
[2022-07-24 12:43:08Z INFO Terminal] WRITE: |                       
[2022-07-24 12:43:08Z INFO Terminal] WRITE: Self-hosted runner registration
[2022-07-24 12:43:08Z INFO Terminal] WRITE LINE:                         |
[2022-07-24 12:43:08Z INFO Terminal] WRITE LINE: |                                                                              |
[2022-07-24 12:43:08Z INFO Terminal] WRITE LINE: --------------------------------------------------------------------------------
[2022-07-24 12:43:08Z INFO ConfigurationManager] ConfigureAsync
[2022-07-24 12:43:08Z INFO ConfigurationStore] IsConfigured()
[2022-07-24 12:43:08Z INFO ConfigurationStore] IsConfigured: False
[2022-07-24 12:43:08Z INFO ConfigurationManager] Is configured: False
[2022-07-24 12:43:08Z INFO CommandSettings] Arg 'url': 'https://github.com/kouvach'
[2022-07-24 12:43:08Z INFO CommandSettings] Remove url from Arg dictionary.
[2022-07-24 12:43:08Z INFO CommandSettings] Arg 'token': '***'
[2022-07-24 12:43:08Z INFO CommandSettings] Remove token from Arg dictionary.
[2022-07-24 12:43:13Z INFO ConfigurationManager] Http response code: OK from 'POST https://api.github.com/actions/runner-registration'
[2022-07-24 12:43:13Z INFO ConfigurationManager] cred retrieved via GitHub auth
[2022-07-24 12:43:13Z INFO RunnerServer] Establish connection with 100 seconds timeout.
[2022-07-24 12:43:13Z INFO GitHubActionsService] Starting operation Location.GetConnectionData
[2022-07-24 12:43:13Z INFO RunnerServer] Establish connection with 60 seconds timeout.
[2022-07-24 12:43:13Z INFO GitHubActionsService] Starting operation Location.GetConnectionData
[2022-07-24 12:43:13Z INFO RunnerServer] Establish connection with 60 seconds timeout.
[2022-07-24 12:43:13Z INFO GitHubActionsService] Starting operation Location.GetConnectionData
[2022-07-24 12:43:14Z INFO GitHubActionsService] Finished operation Location.GetConnectionData
[2022-07-24 12:43:14Z INFO GitHubActionsService] Finished operation Location.GetConnectionData
[2022-07-24 12:43:14Z INFO GitHubActionsService] Finished operation Location.GetConnectionData
[2022-07-24 12:43:14Z INFO Terminal] WRITE LINE: 
[2022-07-24 12:43:14Z INFO ConfigurationManager] Test Connection complete.
[2022-07-24 12:43:14Z INFO HostContext] Well known directory 'Bin': 'D:\Users\akouv\andres.kouvach\proy\github-actions-demo\actions-runner\bin'
[2022-07-24 12:43:14Z INFO HostContext] Well known directory 'Root': 'D:\Users\akouv\andres.kouvach\proy\github-actions-demo\actions-runner'
[2022-07-24 12:43:14Z INFO HostContext] Well known config file 'RSACredentials': 'D:\Users\akouv\andres.kouvach\proy\github-actions-demo\actions-runner\.credentials_rsaparams'
[2022-07-24 12:43:14Z INFO RSAEncryptedFileKeyManager] Creating new RSA key using 2048-bit key length
[2022-07-24 12:43:14Z INFO RSAEncryptedFileKeyManager] Successfully saved RSA key parameters to file D:\Users\akouv\andres.kouvach\proy\github-actions-demo\actions-runner\.credentials_rsaparams
[2022-07-24 12:43:15Z INFO CommandSettings] Arg 'runnergroup': ''
[2022-07-24 12:43:15Z INFO CommandSettings] Flag 'unattended': 'False'
[2022-07-24 12:43:15Z INFO PromptManager] ReadValue
[2022-07-24 12:43:15Z INFO Terminal] WRITE: Enter the name of the runner group to add this runner to: 
[2022-07-24 12:43:15Z INFO Terminal] WRITE: [press Enter for Default] 
[2022-07-24 12:43:15Z INFO Terminal] READ LINE
[2022-07-24 12:43:23Z INFO Terminal] Read value: ''
[2022-07-24 12:43:23Z INFO PromptManager] Falling back to the default: 'Default'
[2022-07-24 12:43:23Z INFO Terminal] WRITE LINE: 
[2022-07-24 12:43:23Z INFO ConfigurationManager] Found a self-hosted runner group with id 1 and name Default
[2022-07-24 12:43:23Z INFO CommandSettings] Flag 'disableupdate': 'False'
[2022-07-24 12:43:23Z INFO CommandSettings] Flag 'ephemeral': 'False'
[2022-07-24 12:43:23Z INFO CommandSettings] Arg 'name': ''
[2022-07-24 12:43:23Z INFO CommandSettings] Flag 'unattended': 'False'
[2022-07-24 12:43:23Z INFO PromptManager] ReadValue
[2022-07-24 12:43:23Z INFO Terminal] WRITE: Enter the name of runner: 
[2022-07-24 12:43:23Z INFO Terminal] WRITE: [press Enter for SERVERAK] 
[2022-07-24 12:43:23Z INFO Terminal] READ LINE
[2022-07-24 12:43:27Z INFO Terminal] Read value: ''
[2022-07-24 12:43:27Z INFO PromptManager] Falling back to the default: 'SERVERAK'
[2022-07-24 12:43:27Z INFO Terminal] WRITE LINE: 
[2022-07-24 12:43:27Z INFO CommandSettings] Arg 'labels': ''
[2022-07-24 12:43:27Z INFO CommandSettings] Flag 'unattended': 'False'
[2022-07-24 12:43:27Z INFO PromptManager] ReadValue
[2022-07-24 12:43:27Z INFO Terminal] WRITE: This runner will have the following labels: 'self-hosted', 'Windows', 'X64' 
Enter any additional labels (ex. label-1,label-2): 
[2022-07-24 12:43:27Z INFO Terminal] WRITE: [press Enter to skip] 
[2022-07-24 12:43:27Z INFO Terminal] READ LINE
[2022-07-24 12:43:35Z INFO Terminal] Read value: ''
[2022-07-24 12:43:35Z INFO Terminal] WRITE LINE: 
[2022-07-24 12:43:35Z INFO CommandSettings] Flag 'disableupdate': 'False'
[2022-07-24 12:43:35Z INFO CommandSettings] Flag 'disableupdate': 'False'
[2022-07-24 12:43:35Z INFO CommandSettings] Flag 'ephemeral': 'False'
[2022-07-24 12:43:35Z INFO ConfigurationStore] Saving OAuth credential @ D:\Users\akouv\andres.kouvach\proy\github-actions-demo\actions-runner\.credentials
[2022-07-24 12:43:35Z INFO ConfigurationStore] Credentials Saved.
[2022-07-24 12:43:35Z INFO ConfigurationStore] HasCredentials()
[2022-07-24 12:43:35Z INFO ConfigurationStore] stored True
[2022-07-24 12:43:35Z INFO CredentialManager] GetCredentialProvider
[2022-07-24 12:43:35Z INFO CredentialManager] Creating type OAuth
[2022-07-24 12:43:35Z INFO CredentialManager] Creating credential type: OAuth
[2022-07-24 12:43:35Z INFO RSAEncryptedFileKeyManager] Loading RSA key parameters from file D:\Users\akouv\andres.kouvach\proy\github-actions-demo\actions-runner\.credentials_rsaparams
[2022-07-24 12:43:35Z INFO RunnerServer] Establish connection with 100 seconds timeout.
[2022-07-24 12:43:35Z INFO GitHubActionsService] Starting operation Location.GetConnectionData
[2022-07-24 12:43:35Z INFO RunnerServer] Establish connection with 60 seconds timeout.
[2022-07-24 12:43:35Z INFO GitHubActionsService] Starting operation Location.GetConnectionData
[2022-07-24 12:43:35Z INFO RunnerServer] Establish connection with 60 seconds timeout.
[2022-07-24 12:43:35Z INFO GitHubActionsService] Starting operation Location.GetConnectionData
[2022-07-24 12:43:36Z INFO GitHubActionsService] Finished operation Location.GetConnectionData
[2022-07-24 12:43:36Z INFO GitHubActionsService] Finished operation Location.GetConnectionData
[2022-07-24 12:43:36Z INFO GitHubActionsService] Finished operation Location.GetConnectionData
[2022-07-24 12:43:36Z WARN GitHubActionsService] Authentication failed with status code 401.
Transfer-Encoding: chunked
WWW-Authenticate: Bearer
Strict-Transport-Security: max-age=2592000
X-TFS-ProcessId: a6eb945c-88b8-42ab-8f82-f060f9c60425
ActivityId: 571c5e31-dd04-41cc-af8f-4583702c3e29
X-TFS-Session: b45a826e-6656-467b-85b5-c40de21b8cc0
X-VSS-E2EID: 9085a8c5-d84e-40ae-8d98-eed3be369eaa
X-VSS-SenderDeploymentId: 7101e053-bd8e-689b-be8c-ce908c7f0053
X-TFS-ServiceError: The+user+%27System%3aPublicAccess%3baaaaaaaa-aaaa-aaaa-aaaa-aaaaaaaaaaaa%27+is+not+authorized+to+access+this+resource.
X-VSS-S2STargetService: 0000005A-0000-8888-8000-000000000000/visualstudio.com
X-Cache: CONFIG_NOCACHE
X-MSEdge-Ref: Ref A: 3CB8680330DB49C8869098121DFEFC63 Ref B: BUE30EDGE0312 Ref C: 2022-07-24T12:43:36Z
Date: Sun, 24 Jul 2022 12:43:36 GMT

[2022-07-24 12:43:36Z INFO RSAEncryptedFileKeyManager] Loading RSA key parameters from file D:\Users\akouv\andres.kouvach\proy\github-actions-demo\actions-runner\.credentials_rsaparams
[2022-07-24 12:43:36Z INFO RSAEncryptedFileKeyManager] Loading RSA key parameters from file D:\Users\akouv\andres.kouvach\proy\github-actions-demo\actions-runner\.credentials_rsaparams
[2022-07-24 12:43:37Z INFO GitHubActionsService] AAD Correlation ID for this token request: Unknown
[2022-07-24 12:43:37Z INFO CommandSettings] Arg 'work': ''
[2022-07-24 12:43:37Z INFO CommandSettings] Flag 'unattended': 'False'
[2022-07-24 12:43:37Z INFO PromptManager] ReadValue
[2022-07-24 12:43:37Z INFO Terminal] WRITE: Enter name of work folder: 
[2022-07-24 12:43:37Z INFO Terminal] WRITE: [press Enter for _work] 
[2022-07-24 12:43:37Z INFO Terminal] READ LINE
[2022-07-24 12:43:41Z INFO Terminal] Read value: ''
[2022-07-24 12:43:41Z INFO PromptManager] Falling back to the default: '_work'
[2022-07-24 12:43:41Z INFO ConfigurationStore] Saving runner settings.
[2022-07-24 12:43:41Z INFO ConfigurationStore] Settings Saved.
[2022-07-24 12:43:41Z INFO Terminal] WRITE LINE: 
[2022-07-24 12:43:41Z INFO Terminal] WRITE LINE: 
[2022-07-24 12:43:41Z INFO CommandSettings] Flag 'runasservice': 'False'
[2022-07-24 12:43:41Z INFO CommandSettings] Flag 'unattended': 'False'
[2022-07-24 12:43:41Z INFO PromptManager] ReadValue
[2022-07-24 12:43:41Z INFO Terminal] WRITE: Would you like to run the runner as service? (Y/N) 
[2022-07-24 12:43:41Z INFO Terminal] WRITE: [press Enter for N] 
[2022-07-24 12:43:41Z INFO Terminal] READ LINE
[2022-07-24 12:43:50Z INFO Terminal] Read value: ''
[2022-07-24 12:43:50Z INFO PromptManager] Falling back to the default: 'N'
[2022-07-24 12:43:50Z INFO Listener] Runner execution has finished with return code 0
